<?xml version="1.0" encoding="UTF-8"?>
<testng-results skipped="0" failed="0" ignored="0" total="1" passed="1">
  <reporter-output>
  </reporter-output>
  <suite name="Suite" duration-ms="43578" started-at="2017-10-25T14:31:20Z" finished-at="2017-10-25T14:32:03Z">
    <groups>
    </groups>
    <test name="Test" duration-ms="43578" started-at="2017-10-25T14:31:20Z" finished-at="2017-10-25T14:32:03Z">
      <class name="com.Flip.Test.FlipLogin">
        <test-method status="PASS" signature="beforeMethod()[pri:0, instance:com.Flip.Test.FlipLogin@14acaea5]" name="beforeMethod" is-config="true" duration-ms="40580" started-at="2017-10-25T20:01:20Z" finished-at="2017-10-25T20:02:01Z">
          <reporter-output>
          </reporter-output>
        </test-method> <!-- beforeMethod -->
        <test-method status="PASS" signature="f()[pri:0, instance:com.Flip.Test.FlipLogin@14acaea5]" name="f" duration-ms="10" started-at="2017-10-25T20:02:01Z" finished-at="2017-10-25T20:02:01Z">
          <reporter-output>
          </reporter-output>
        </test-method> <!-- f -->
        <test-method status="PASS" signature="afterMethod()[pri:0, instance:com.Flip.Test.FlipLogin@14acaea5]" name="afterMethod" is-config="true" duration-ms="2944" started-at="2017-10-25T20:02:01Z" finished-at="2017-10-25T20:02:03Z">
          <reporter-output>
          </reporter-output>
        </test-method> <!-- afterMethod -->
      </class> <!-- com.Flip.Test.FlipLogin -->
    </test> <!-- Test -->
  </suite> <!-- Suite -->
</testng-results>
